current directory: /Users/ganeshatakahiro/Documents/University/Durst/experiment_apps/action_cable_app/vender/bundle/ruby/3.0.0/gems/msgpack-1.5.1/ext/msgpack
/Users/ganeshatakahiro/.rbenv/versions/3.0.0/bin/ruby -I /Users/ganeshatakahiro/.rbenv/versions/3.0.0/lib/ruby/site_ruby/3.0.0 -r ./siteconf20220516-51519-kn61gz.rb extconf.rb
checking for ruby/st.h... yes
checking for st.h... no
checking for rb_enc_interned_str() in ruby.h... yes
creating Makefile

current directory: /Users/ganeshatakahiro/Documents/University/Durst/experiment_apps/action_cable_app/vender/bundle/ruby/3.0.0/gems/msgpack-1.5.1/ext/msgpack
make DESTDIR\= clean

current directory: /Users/ganeshatakahiro/Documents/University/Durst/experiment_apps/action_cable_app/vender/bundle/ruby/3.0.0/gems/msgpack-1.5.1/ext/msgpack
make DESTDIR\=
compiling buffer.c
compiling buffer_class.c
compiling extension_value_class.c
compiling factory_class.c
compiling packer.c
compiling packer_class.c
compiling packer_ext_registry.c
compiling rbinit.c
compiling rmem.c
compiling unpacker.c
compiling unpacker_class.c
compiling unpacker_ext_registry.c
linking shared-object msgpack/msgpack.bundle

current directory: /Users/ganeshatakahiro/Documents/University/Durst/experiment_apps/action_cable_app/vender/bundle/ruby/3.0.0/gems/msgpack-1.5.1/ext/msgpack
make DESTDIR\= install
/usr/bin/install -c -m 0755 msgpack.bundle ./.gem.20220516-51519-anszyy/msgpack
